<?xml version="1.0" encoding="UTF-8"?>
<!-- Generated by org.testng.reporters.JUnitReportReporter -->
<testsuite name="com.zoho.signuppage.suitepack.ZohoSignUpTestPage" tests="1" time="22.974" ignored="0" failures="0" timestamp="15 Aug 2019 05:01:55 GMT" skipped="0" hostname="DESKTOP-QS8IMHF" errors="0">
  <testcase name="test" time="22.974" classname="com.zoho.signuppage.suitepack.ZohoSignUpTestPage"/>
</testsuite> <!-- com.zoho.signuppage.suitepack.ZohoSignUpTestPage -->
