<?xml version="1.0" encoding="UTF-8"?>
<!-- Generated by org.testng.reporters.JUnitReportReporter -->
<testsuite name="test.Rough" tests="2" time="0.023" ignored="0" failures="0" timestamp="17 Aug 2019 07:34:16 GMT" skipped="0" hostname="DESKTOP-QS8IMHF" errors="0">
  <testcase name="test" time="0.021" classname="test.Rough"/>
  <testcase name="test" time="0.002" classname="test.Rough"/>
</testsuite> <!-- test.Rough -->
