<?xml version="1.0" encoding="UTF-8"?>
<!-- Generated by org.testng.reporters.JUnitReportReporter -->
<testsuite name="com.zoho.signuppage.suitepack.ZohoSignUpTestPage" tests="1" time="113.651" ignored="0" failures="0" timestamp="18 Aug 2019 04:25:25 GMT" skipped="0" hostname="DESKTOP-QS8IMHF" errors="0">
  <testcase name="validateZohoHomepageTitle" time="113.651" classname="com.zoho.signuppage.suitepack.ZohoSignUpTestPage"/>
</testsuite> <!-- com.zoho.signuppage.suitepack.ZohoSignUpTestPage -->
